<?xml version="1.0" encoding="UTF-8" ?>
<testsuite errors="0" failures="0" hostname="Sean-KUbuntu" name="org.intalio.tempo.security.authentication.AuthenticationExceptionTest" tests="1" time="0.02" timestamp="2009-02-26T17:26:46">
  <properties>
    <property name="java.runtime.name" value="Java(TM) 2 Runtime Environment, Standard Edition" />
    <property name="sun.boot.library.path" value="/opt/jdk1.5.0_16/jre/lib/i386" />
    <property name="java.vm.version" value="1.5.0_16-b02" />
    <property name="ant.version" value="Apache Ant version 1.7.1 compiled on June 27 2008" />
    <property name="ant.java.version" value="1.5" />
    <property name="java.vm.vendor" value="Sun Microsystems Inc." />
    <property name="java.vendor.url" value="http://java.sun.com/" />
    <property name="path.separator" value=":" />
    <property name="java.vm.name" value="Java HotSpot(TM) Server VM" />
    <property name="file.encoding.pkg" value="sun.io" />
    <property name="user.country" value="US" />
    <property name="sun.java.launcher" value="SUN_STANDARD" />
    <property name="sun.os.patch.level" value="unknown" />
    <property name="java.vm.specification.name" value="Java Virtual Machine Specification" />
    <property name="user.dir" value="/git/deploy/security" />
    <property name="java.runtime.version" value="1.5.0_16-b02" />
    <property name="java.awt.graphicsenv" value="sun.awt.X11GraphicsEnvironment" />
    <property name="basedir" value="/git/deploy" />
    <property name="java.endorsed.dirs" value="/opt/jdk1.5.0_16/jre/lib/endorsed" />
    <property name="os.arch" value="i386" />
    <property name="java.io.tmpdir" value="/tmp" />
    <property name="ant.core.lib" value="/home/sean/.m2/repository/org/apache/ant/ant/1.7.1/ant-1.7.1.jar" />
    <property name="line.separator" value="
" />
    <property name="java.vm.specification.vendor" value="Sun Microsystems Inc." />
    <property name="os.name" value="Linux" />
    <property name="net.sourceforge.cobertura.datafile" value="/git/deploy/security/reports/cobertura.ser" />
    <property name="log4j.configuration" value="log4j.properties.junit" />
    <property name="ant.project.name" value="junit" />
    <property name="sun.jnu.encoding" value="UTF-8" />
    <property name="java.library.path" value="/opt/jdk1.5.0_16/jre/lib/i386/server:/opt/jdk1.5.0_16/jre/lib/i386:/opt/jdk1.5.0_16/jre/../lib/i386:/home/sean/sqllib/lib32" />
    <property name="java.specification.name" value="Java Platform API Specification" />
    <property name="java.class.version" value="49.0" />
    <property name="sun.management.compiler" value="HotSpot Server Compiler" />
    <property name="os.version" value="2.6.24-21-generic" />
    <property name="user.home" value="/home/sean" />
    <property name="user.timezone" value="" />
    <property name="java.awt.printerjob" value="sun.print.PSPrinterJob" />
    <property name="java.specification.version" value="1.5" />
    <property name="file.encoding" value="UTF-8" />
    <property name="java.class.path" value="/git/deploy/security/target/instrumented/classes:/home/sean/.m2/repository/jaxen/jaxen/1.1.1/jaxen-1.1.1.jar:/home/sean/.m2/repository/xmlunit/xmlunit/1.1/xmlunit-1.1.jar:/home/sean/.m2/repository/com/googlecode/instinct/instinct/0.1.6/instinct-0.1.6.jar:/home/sean/.m2/repository/org/jmock/jmock/2.5.0/jmock-2.5.0.jar:/home/sean/.m2/repository/org/jmock/jmock-legacy/2.5.0/jmock-legacy-2.5.0.jar:/home/sean/.m2/repository/cglib/cglib-nodep/2.1_3/cglib-nodep-2.1_3.jar:/home/sean/.m2/repository/org/hamcrest/hamcrest-all/1.1/hamcrest-all-1.1.jar:/home/sean/.m2/repository/org/objenesis/objenesis/1.1/objenesis-1.1.jar:/home/sean/.m2/repository/junit/junit/4.4/junit-4.4.jar:/home/sean/.m2/repository/org/apache/ant/ant/1.7.1/ant-1.7.1.jar:/git/deploy/security/target/test/classes:/git/deploy/security/target/test/resources:/git/deploy/security/target/classes:/git/deploy/security/target/resources:/home/sean/.m2/repository/cas/casclient/2.1.1/casclient-2.1.1.jar:/home/sean/.m2/repository/dom4j/dom4j/1.6.1/dom4j-1.6.1.jar:/home/sean/.m2/repository/castor/castor/1.0/castor-1.0.jar:/home/sean/.m2/repository/log4j/log4j/1.2.15/log4j-1.2.15.jar:/home/sean/.m2/repository/org/slf4j/slf4j-api/1.4.3/slf4j-api-1.4.3.jar:/home/sean/.m2/repository/org/slf4j/slf4j-log4j12/1.4.3/slf4j-log4j12-1.4.3.jar:/home/sean/.m2/repository/org/slf4j/jcl104-over-slf4j/1.4.3/jcl104-over-slf4j-1.4.3.jar:/home/sean/.m2/repository/org/springframework/spring/2.5.5/spring-2.5.5.jar:/home/sean/.m2/repository/xerces/xercesImpl/2.9.1/xercesImpl-2.9.1.jar:/home/sean/.m2/repository/xerces/xmlParserAPIs/2.9.0/xmlParserAPIs-2.9.0.jar:/home/sean/.m2/repository/jmock/jmock/1.2.0/jmock-1.2.0.jar:/home/sean/.m2/repository/net/sourceforge/cobertura/cobertura/1.9/cobertura-1.9.jar:/home/sean/.m2/repository/log4j/log4j/1.2.9/log4j-1.2.9.jar:/home/sean/.m2/repository/asm/asm/2.2.1/asm-2.2.1.jar:/home/sean/.m2/repository/asm/asm-tree/2.2.1/asm-tree-2.2.1.jar:/home/sean/.m2/repository/oro/oro/2.0.8/oro-2.0.8.jar:/home/sean/sqllib/java/db2java.zip:/home/sean/sqllib/java/db2jcc.jar:/home/sean/sqllib/java/sqlj.zip:/home/sean/sqllib/function:/home/sean/sqllib/java/db2jcc_license_cu.jar:/git/deploy:/home/sean/.m2/repository/org/apache/ant/ant-launcher/1.7.1/ant-launcher-1.7.1.jar:/home/sean/.m2/repository/org/apache/ant/ant-junit/1.7.1/ant-junit-1.7.1.jar" />
    <property name="user.name" value="sean" />
    <property name="java.vm.specification.version" value="1.0" />
    <property name="java.home" value="/opt/jdk1.5.0_16/jre" />
    <property name="sun.arch.data.model" value="32" />
    <property name="java.specification.vendor" value="Sun Microsystems Inc." />
    <property name="user.language" value="en" />
    <property name="java.vm.info" value="mixed mode" />
    <property name="java.version" value="1.5.0_16" />
    <property name="java.ext.dirs" value="/opt/jdk1.5.0_16/jre/lib/ext" />
    <property name="sun.boot.class.path" value="/opt/jdk1.5.0_16/jre/lib/rt.jar:/opt/jdk1.5.0_16/jre/lib/i18n.jar:/opt/jdk1.5.0_16/jre/lib/sunrsasign.jar:/opt/jdk1.5.0_16/jre/lib/jsse.jar:/opt/jdk1.5.0_16/jre/lib/jce.jar:/opt/jdk1.5.0_16/jre/lib/charsets.jar:/opt/jdk1.5.0_16/jre/classes" />
    <property name="java.vendor" value="Sun Microsystems Inc." />
    <property name="file.separator" value="/" />
    <property name="java.vendor.url.bug" value="http://java.sun.com/cgi-bin/bugreport.cgi" />
    <property name="sun.cpu.endian" value="little" />
    <property name="sun.io.unicode.encoding" value="UnicodeLittle" />
    <property name="sun.cpu.isalist" value="" />
  </properties>
  <testcase classname="org.intalio.tempo.security.authentication.AuthenticationExceptionTest" name="testAll" time="0.015" />
  <system-out><![CDATA[org.intalio.tempo.security.authentication.AuthenticationException: test
	at org.intalio.tempo.security.authentication.AuthenticationExceptionTest.testAll(AuthenticationExceptionTest.java:19)
	at sun.reflect.NativeMethodAccessorImpl.invoke0(Native Method)
	at sun.reflect.NativeMethodAccessorImpl.invoke(NativeMethodAccessorImpl.java:39)
	at sun.reflect.DelegatingMethodAccessorImpl.invoke(DelegatingMethodAccessorImpl.java:25)
	at java.lang.reflect.Method.invoke(Method.java:585)
	at junit.framework.TestCase.runTest(TestCase.java:168)
	at junit.framework.TestCase.runBare(TestCase.java:134)
	at junit.framework.TestResult$1.protect(TestResult.java:110)
	at junit.framework.TestResult.runProtected(TestResult.java:128)
	at junit.framework.TestResult.run(TestResult.java:113)
	at junit.framework.TestCase.run(TestCase.java:124)
	at junit.framework.TestSuite.runTest(TestSuite.java:232)
	at junit.framework.TestSuite.run(TestSuite.java:227)
	at org.junit.internal.runners.JUnit38ClassRunner.run(JUnit38ClassRunner.java:81)
	at junit.framework.JUnit4TestAdapter.run(JUnit4TestAdapter.java:36)
	at org.apache.tools.ant.taskdefs.optional.junit.JUnitTestRunner.run(JUnitTestRunner.java:420)
	at org.apache.tools.ant.taskdefs.optional.junit.JUnitTestRunner.launch(JUnitTestRunner.java:911)
	at org.apache.tools.ant.taskdefs.optional.junit.JUnitTestRunner.main(JUnitTestRunner.java:743)
org.intalio.tempo.security.authentication.AuthenticationException: test
	at org.intalio.tempo.security.authentication.AuthenticationExceptionTest.testAll(AuthenticationExceptionTest.java:19)
	at sun.reflect.NativeMethodAccessorImpl.invoke0(Native Method)
	at sun.reflect.NativeMethodAccessorImpl.invoke(NativeMethodAccessorImpl.java:39)
	at sun.reflect.DelegatingMethodAccessorImpl.invoke(DelegatingMethodAccessorImpl.java:25)
	at java.lang.reflect.Method.invoke(Method.java:585)
	at junit.framework.TestCase.runTest(TestCase.java:168)
	at junit.framework.TestCase.runBare(TestCase.java:134)
	at junit.framework.TestResult$1.protect(TestResult.java:110)
	at junit.framework.TestResult.runProtected(TestResult.java:128)
	at junit.framework.TestResult.run(TestResult.java:113)
	at junit.framework.TestCase.run(TestCase.java:124)
	at junit.framework.TestSuite.runTest(TestSuite.java:232)
	at junit.framework.TestSuite.run(TestSuite.java:227)
	at org.junit.internal.runners.JUnit38ClassRunner.run(JUnit38ClassRunner.java:81)
	at junit.framework.JUnit4TestAdapter.run(JUnit4TestAdapter.java:36)
	at org.apache.tools.ant.taskdefs.optional.junit.JUnitTestRunner.run(JUnitTestRunner.java:420)
	at org.apache.tools.ant.taskdefs.optional.junit.JUnitTestRunner.launch(JUnitTestRunner.java:911)
	at org.apache.tools.ant.taskdefs.optional.junit.JUnitTestRunner.main(JUnitTestRunner.java:743)
org.intalio.tempo.security.authentication.AuthenticationException: test
	at org.intalio.tempo.security.authentication.AuthenticationExceptionTest.testAll(AuthenticationExceptionTest.java:19)
	at sun.reflect.NativeMethodAccessorImpl.invoke0(Native Method)
	at sun.reflect.NativeMethodAccessorImpl.invoke(NativeMethodAccessorImpl.java:39)
	at sun.reflect.DelegatingMethodAccessorImpl.invoke(DelegatingMethodAccessorImpl.java:25)
	at java.lang.reflect.Method.invoke(Method.java:585)
	at junit.framework.TestCase.runTest(TestCase.java:168)
	at junit.framework.TestCase.runBare(TestCase.java:134)
	at junit.framework.TestResult$1.protect(TestResult.java:110)
	at junit.framework.TestResult.runProtected(TestResult.java:128)
	at junit.framework.TestResult.run(TestResult.java:113)
	at junit.framework.TestCase.run(TestCase.java:124)
	at junit.framework.TestSuite.runTest(TestSuite.java:232)
	at junit.framework.TestSuite.run(TestSuite.java:227)
	at org.junit.internal.runners.JUnit38ClassRunner.run(JUnit38ClassRunner.java:81)
	at junit.framework.JUnit4TestAdapter.run(JUnit4TestAdapter.java:36)
	at org.apache.tools.ant.taskdefs.optional.junit.JUnitTestRunner.run(JUnitTestRunner.java:420)
	at org.apache.tools.ant.taskdefs.optional.junit.JUnitTestRunner.launch(JUnitTestRunner.java:911)
	at org.apache.tools.ant.taskdefs.optional.junit.JUnitTestRunner.main(JUnitTestRunner.java:743)
]]></system-out>
  <system-err><![CDATA[]]></system-err>
</testsuite>
